<?xml version="1.0" encoding="UTF-8"?>
<!-- Generated by org.testng.reporters.JUnitReportReporter -->
<testsuite skipped="0" hostname="Gourav" name="Luma.tests.Smoke" tests="2" failures="0" timestamp="2023-06-03T01:07:48 IST" time="13.007" errors="0">
  <testcase name="create_account" time="5.860" classname="Luma.tests.Smoke"/>
  <system-out/>
  <testcase name="create_account" time="7.147" classname="Luma.tests.Smoke"/>
  <system-out/>
</testsuite> <!-- Luma.tests.Smoke -->
